<?xml version="1.0" encoding="UTF-8"?>
<!-- Generated by org.testng.reporters.JUnitReportReporter -->
<testsuite skipped="0" hostname="Anie" name="by.http.tstng.tstng_study.MailRuTest" tests="1" failures="0" timestamp="26 Dec 2017 17:00:23 GMT" time="57.735" errors="0">
  <testcase name="sendEmail" time="57.735" classname="by.http.tstng.tstng_study.MailRuTest"/>
</testsuite> <!-- by.http.tstng.tstng_study.MailRuTest -->
